{
  "RSpec": {
    "coverage": {
      "/home/user/git/sistema professores/app/models/user.rb": {
        "lines": [
          null,
          null,
          null,
          null,
          null,
          1,
          1,
          1,
          1,
          null,
          1,
          null,
          null,
          1,
          5,
          5,
          null,
          null,
          null,
          5,
          null,
          null,
          1,
          1,
          1,
          null,
          1,
          16,
          null,
          null,
          1,
          7,
          null,
          null,
          1,
          18,
          null,
          null,
          1,
          null,
          1,
          17,
          null,
          null
        ]
      },
      "/home/user/git/sistema professores/app/models/application_record.rb": {
        "lines": [
          1,
          1,
          null
        ]
      },
      "/home/user/git/sistema professores/app/helpers/application_helper.rb": {
        "lines": [
          1,
          null
        ]
      },
      "/home/user/git/sistema professores/app/helpers/sec/alunos_helper.rb": {
        "lines": [
          1,
          null
        ]
      },
      "/home/user/git/sistema professores/app/controllers/application_controller.rb": {
        "lines": [
          null,
          null,
          1,
          1,
          null,
          null,
          1,
          0,
          null,
          null,
          null,
          1,
          null,
          1,
          0,
          null,
          null,
          1,
          26,
          null,
          null,
          1,
          10,
          null,
          null,
          null,
          10,
          null,
          null,
          10,
          null,
          null,
          null,
          null,
          null
        ]
      },
      "/home/user/git/sistema professores/app/controllers/home_controller.rb": {
        "lines": [
          1,
          1,
          null,
          1,
          null,
          1,
          null,
          1,
          13,
          null,
          8,
          8,
          8,
          null,
          null
        ]
      },
      "/home/user/git/sistema professores/app/controllers/sec_controller.rb": {
        "lines": [
          1,
          1,
          null
        ]
      },
      "/home/user/git/sistema professores/app/controllers/sec/alunos_controller.rb": {
        "lines": [
          null,
          null,
          1,
          1,
          1,
          0,
          null,
          null,
          1,
          0,
          0,
          null,
          0,
          null,
          null,
          null,
          1,
          null,
          1,
          null,
          1,
          0,
          0,
          null,
          0,
          null,
          null,
          null,
          1,
          null,
          1,
          0,
          null,
          null
        ]
      },
      "/home/user/git/sistema professores/app/models/aluno.rb": {
        "lines": [
          null,
          null,
          null,
          1,
          1,
          1,
          1,
          null,
          1,
          1,
          null,
          1,
          null
        ]
      },
      "/home/user/git/sistema professores/app/models/ability.rb": {
        "lines": [
          null,
          null,
          1,
          1,
          null,
          1,
          null,
          null,
          13,
          13,
          null,
          13,
          7,
          6,
          4,
          4,
          0,
          null,
          4,
          4,
          4,
          null,
          2,
          2,
          null,
          null,
          null,
          null,
          null,
          null,
          null,
          null,
          null,
          null,
          null,
          null,
          null,
          null,
          null,
          null,
          null,
          null,
          null,
          null,
          null,
          null
        ]
      },
      "/home/user/git/sistema professores/app/models/turma.rb": {
        "lines": [
          1,
          1,
          1,
          null
        ]
      },
      "/home/user/git/sistema professores/app/controllers/admin/home_controller.rb": {
        "lines": [
          1,
          null,
          1,
          0,
          null,
          0,
          null,
          0,
          0,
          null,
          null
        ]
      },
      "/home/user/git/sistema professores/app/controllers/admin/users_controller.rb": {
        "lines": [
          null,
          null,
          1,
          null,
          1,
          null,
          1,
          null,
          1,
          null,
          1,
          null,
          1,
          2,
          2,
          null,
          0,
          null,
          null,
          null,
          1,
          2,
          2,
          2,
          null,
          0,
          null,
          null,
          null,
          1,
          null,
          1,
          6,
          null,
          null,
          null
        ]
      },
      "/home/user/git/sistema professores/app/controllers/professor_controller.rb": {
        "lines": [
          1,
          1,
          null
        ]
      },
      "/home/user/git/sistema professores/app/controllers/sec/turmas_controller.rb": {
        "lines": [
          null,
          null,
          0,
          0,
          0,
          0,
          0,
          null,
          0,
          0,
          0,
          0,
          0,
          0,
          0,
          null,
          0,
          null,
          0,
          null,
          0,
          0,
          0,
          0,
          0,
          0,
          0,
          null,
          0,
          null,
          0,
          0,
          0,
          0,
          0
        ],
        "branches": {
        }
      }
    },
    "timestamp": 1582132280
  }
}
