{
  "RSpec": {
    "coverage": {
      "/home/user/git/sistema professores/app/models/user.rb": {
        "lines": [
          null,
          null,
          null,
          null,
          null,
          1,
          1,
          1,
          null,
          null,
          null,
          null,
          null,
          null,
          null,
          null,
          null,
          null,
          null,
          null,
          null,
          1,
          null,
          null,
          1,
          4,
          4,
          null,
          null,
          null,
          4,
          null,
          null,
          1,
          1,
          1,
          null,
          1,
          15,
          null,
          null,
          1,
          6,
          null,
          null,
          1,
          1,
          null,
          null,
          1,
          null,
          1,
          15,
          null,
          null
        ]
      },
      "/home/user/git/sistema professores/app/models/application_record.rb": {
        "lines": [
          1,
          1,
          null
        ]
      },
      "/home/user/git/sistema professores/app/helpers/application_helper.rb": {
        "lines": [
          1,
          null
        ]
      },
      "/home/user/git/sistema professores/app/controllers/application_controller.rb": {
        "lines": [
          null,
          null,
          1,
          1,
          null,
          null,
          1,
          0,
          null,
          null,
          null,
          1,
          null,
          1,
          0,
          null,
          null,
          1,
          24,
          null,
          null,
          1,
          8,
          null,
          null,
          null,
          8,
          null,
          null,
          8,
          null,
          null,
          null,
          null,
          null
        ]
      },
      "/home/user/git/sistema professores/app/controllers/home_controller.rb": {
        "lines": [
          1,
          1,
          null,
          1,
          null,
          1,
          null,
          1,
          11,
          null,
          7,
          7,
          7,
          null,
          null
        ]
      },
      "/home/user/git/sistema professores/app/controllers/admin/home_controller.rb": {
        "lines": [
          1,
          null,
          1,
          0,
          null,
          0,
          null,
          0,
          0,
          null,
          null
        ]
      },
      "/home/user/git/sistema professores/app/controllers/admin/users_controller.rb": {
        "lines": [
          null,
          null,
          1,
          null,
          1,
          null,
          1,
          null,
          1,
          null,
          1,
          null,
          1,
          2,
          2,
          null,
          0,
          null,
          null,
          null,
          1,
          2,
          2,
          2,
          null,
          0,
          null,
          null,
          null,
          1,
          null,
          1,
          6,
          null,
          null,
          null
        ]
      },
      "/home/user/git/sistema professores/app/models/ability.rb": {
        "lines": [
          null,
          null,
          1,
          1,
          null,
          1,
          null,
          null,
          12,
          12,
          null,
          12,
          7,
          5,
          3,
          3,
          0,
          null,
          3,
          null,
          2,
          2,
          null,
          null,
          null,
          null,
          null,
          null,
          null,
          null,
          null,
          null,
          null,
          null,
          null,
          null,
          null,
          null,
          null,
          null,
          null,
          null,
          null,
          null
        ]
      },
      "/home/user/git/sistema professores/app/controllers/sec_controller.rb": {
        "lines": [
          1,
          1,
          null
        ]
      },
      "/home/user/git/sistema professores/app/controllers/professor_controller.rb": {
        "lines": [
          1,
          1,
          null
        ]
      }
    },
    "timestamp": 1581975321
  }
}
